<?xml version="1.0" encoding="UTF-8"?>
<coverage generated="1569572024600" clover="3.2.0">
  <project timestamp="1569572024600" name="All files">
    <metrics statements="56" coveredstatements="52" conditionals="36" coveredconditionals="33" methods="13" coveredmethods="10" elements="105" coveredelements="95" complexity="0" loc="56" ncloc="56" packages="1" files="2" classes="2"/>
    <file name="interval.js" path="C:\Users\redwa\OneDrive\Bureau\tp-jest-master\src\interval.js">
      <metrics statements="7" coveredstatements="6" conditionals="4" coveredconditionals="4" methods="7" coveredmethods="4"/>
      <line num="3" count="12" type="stmt"/>
      <line num="4" count="12" type="stmt"/>
      <line num="9" count="0" type="stmt"/>
      <line num="27" count="2" type="cond" truecount="2" falsecount="0"/>
      <line num="48" count="2" type="cond" truecount="2" falsecount="0"/>
      <line num="69" count="2" type="stmt"/>
      <line num="114" count="1" type="stmt"/>
    </file>
    <file name="math.js" path="C:\Users\redwa\OneDrive\Bureau\tp-jest-master\src\math.js">
      <metrics statements="49" coveredstatements="46" conditionals="32" coveredconditionals="29" methods="6" coveredmethods="6"/>
      <line num="1" count="1" type="stmt"/>
      <line num="2" count="1" type="stmt"/>
      <line num="3" count="11" type="cond" truecount="2" falsecount="0"/>
      <line num="4" count="3" type="stmt"/>
      <line num="7" count="8" type="cond" truecount="2" falsecount="0"/>
      <line num="8" count="1" type="stmt"/>
      <line num="11" count="7" type="cond" truecount="2" falsecount="0"/>
      <line num="12" count="1" type="stmt"/>
      <line num="15" count="6" type="stmt"/>
      <line num="26" count="1" type="stmt"/>
      <line num="27" count="17" type="cond" truecount="4" falsecount="0"/>
      <line num="28" count="4" type="stmt"/>
      <line num="30" count="13" type="cond" truecount="2" falsecount="0"/>
      <line num="31" count="1" type="stmt"/>
      <line num="33" count="12" type="stmt"/>
      <line num="34" count="80" type="cond" truecount="2" falsecount="0"/>
      <line num="35" count="8" type="stmt"/>
      <line num="49" count="1" type="stmt"/>
      <line num="51" count="8" type="cond" truecount="2" falsecount="0"/>
      <line num="53" count="4" type="cond" truecount="1" falsecount="1"/>
      <line num="55" count="0" type="stmt"/>
      <line num="57" count="4" type="stmt"/>
      <line num="61" count="4" type="cond" truecount="2" falsecount="0"/>
      <line num="63" count="2" type="stmt"/>
      <line num="65" count="2" type="stmt"/>
      <line num="81" count="1" type="stmt"/>
      <line num="83" count="2" type="stmt"/>
      <line num="84" count="2" type="stmt"/>
      <line num="86" count="7" type="cond" truecount="3" falsecount="1"/>
      <line num="88" count="0" type="stmt"/>
      <line num="90" count="7" type="cond" truecount="2" falsecount="0"/>
      <line num="92" count="1" type="stmt"/>
      <line num="94" count="6" type="cond" truecount="2" falsecount="0"/>
      <line num="96" count="1" type="stmt"/>
      <line num="98" count="5" type="stmt"/>
      <line num="99" count="7" type="stmt"/>
      <line num="101" count="2" type="stmt"/>
      <line num="113" count="1" type="stmt"/>
      <line num="115" count="3" type="stmt"/>
      <line num="116" count="3" type="stmt"/>
      <line num="117" count="3" type="stmt"/>
      <line num="119" count="6" type="stmt"/>
      <line num="120" count="6" type="cond" truecount="2" falsecount="0"/>
      <line num="122" count="1" type="stmt"/>
      <line num="124" count="6" type="cond" truecount="1" falsecount="1"/>
      <line num="126" count="0" type="stmt"/>
      <line num="128" count="6" type="stmt"/>
      <line num="131" count="3" type="stmt"/>
      <line num="134" count="1" type="stmt"/>
    </file>
  </project>
</coverage>
