{"C:\\Users\\redwa\\OneDrive\\Bureau\\tp-jest-master\\src\\interval.js": {"path":"C:\\Users\\redwa\\OneDrive\\Bureau\\tp-jest-master\\src\\interval.js","statementMap":{"0":{"start":{"line":3,"column":8},"end":{"line":3,"column":27}},"1":{"start":{"line":4,"column":8},"end":{"line":4,"column":22}},"2":{"start":{"line":9,"column":8},"end":{"line":9,"column":55}},"3":{"start":{"line":27,"column":8},"end":{"line":27,"column":70}},"4":{"start":{"line":48,"column":2},"end":{"line":48,"column":66}},"5":{"start":{"line":69,"column":2},"end":{"line":69,"column":79}},"6":{"start":{"line":114,"column":0},"end":{"line":114,"column":26}}},"fnMap":{"0":{"name":"(anonymous_0)","decl":{"start":{"line":2,"column":4},"end":{"line":2,"column":5}},"loc":{"start":{"line":2,"column":28},"end":{"line":5,"column":5}},"line":2},"1":{"name":"(anonymous_1)","decl":{"start":{"line":7,"column":4},"end":{"line":7,"column":5}},"loc":{"start":{"line":8,"column":1},"end":{"line":10,"column":5}},"line":8},"2":{"name":"(anonymous_2)","decl":{"start":{"line":26,"column":4},"end":{"line":26,"column":5}},"loc":{"start":{"line":26,"column":23},"end":{"line":28,"column":5}},"line":26},"3":{"name":"(anonymous_3)","decl":{"start":{"line":46,"column":4},"end":{"line":46,"column":5}},"loc":{"start":{"line":47,"column":1},"end":{"line":49,"column":5}},"line":47},"4":{"name":"(anonymous_4)","decl":{"start":{"line":67,"column":4},"end":{"line":67,"column":5}},"loc":{"start":{"line":68,"column":1},"end":{"line":70,"column":5}},"line":68},"5":{"name":"(anonymous_5)","decl":{"start":{"line":88,"column":4},"end":{"line":88,"column":5}},"loc":{"start":{"line":89,"column":1},"end":{"line":91,"column":5}},"line":89},"6":{"name":"(anonymous_6)","decl":{"start":{"line":109,"column":4},"end":{"line":109,"column":5}},"loc":{"start":{"line":109,"column":24},"end":{"line":111,"column":5}},"line":109}},"branchMap":{"0":{"loc":{"start":{"line":27,"column":15},"end":{"line":27,"column":69}},"type":"binary-expr","locations":[{"start":{"line":27,"column":15},"end":{"line":27,"column":40}},{"start":{"line":27,"column":44},"end":{"line":27,"column":69}}],"line":27},"1":{"loc":{"start":{"line":48,"column":9},"end":{"line":48,"column":65}},"type":"binary-expr","locations":[{"start":{"line":48,"column":9},"end":{"line":48,"column":33}},{"start":{"line":48,"column":37},"end":{"line":48,"column":65}}],"line":48}},"s":{"0":12,"1":12,"2":0,"3":2,"4":2,"5":2,"6":1},"f":{"0":12,"1":0,"2":2,"3":2,"4":2,"5":0,"6":0},"b":{"0":[2,2],"1":[2,2]},"_coverageSchema":"43e27e138ebf9cfc5966b082cf9a028302ed4184","hash":"a3e1235878367235437faa92b924b7206f7617bb"}
,"C:\\Users\\redwa\\OneDrive\\Bureau\\tp-jest-master\\src\\math.js": {"path":"C:\\Users\\redwa\\OneDrive\\Bureau\\tp-jest-master\\src\\math.js","statementMap":{"0":{"start":{"line":1,"column":11},"end":{"line":1,"column":13}},"1":{"start":{"line":2,"column":0},"end":{"line":16,"column":2}},"2":{"start":{"line":3,"column":4},"end":{"line":5,"column":5}},"3":{"start":{"line":4,"column":8},"end":{"line":4,"column":17}},"4":{"start":{"line":7,"column":4},"end":{"line":9,"column":5}},"5":{"start":{"line":8,"column":8},"end":{"line":8,"column":27}},"6":{"start":{"line":11,"column":4},"end":{"line":13,"column":5}},"7":{"start":{"line":12,"column":8},"end":{"line":12,"column":29}},"8":{"start":{"line":15,"column":4},"end":{"line":15,"column":37}},"9":{"start":{"line":26,"column":0},"end":{"line":37,"column":2}},"10":{"start":{"line":27,"column":4},"end":{"line":29,"column":5}},"11":{"start":{"line":28,"column":8},"end":{"line":28,"column":21}},"12":{"start":{"line":30,"column":4},"end":{"line":32,"column":5}},"13":{"start":{"line":31,"column":8},"end":{"line":31,"column":49}},"14":{"start":{"line":33,"column":4},"end":{"line":34,"column":38}},"15":{"start":{"line":33,"column":17},"end":{"line":33,"column":18}},"16":{"start":{"line":34,"column":8},"end":{"line":34,"column":38}},"17":{"start":{"line":34,"column":25},"end":{"line":34,"column":38}},"18":{"start":{"line":35,"column":4},"end":{"line":35,"column":16}},"19":{"start":{"line":49,"column":0},"end":{"line":67,"column":2}},"20":{"start":{"line":51,"column":4},"end":{"line":66,"column":5}},"21":{"start":{"line":53,"column":8},"end":{"line":57,"column":36}},"22":{"start":{"line":55,"column":10},"end":{"line":55,"column":19}},"23":{"start":{"line":57,"column":8},"end":{"line":57,"column":36}},"24":{"start":{"line":61,"column":8},"end":{"line":65,"column":33}},"25":{"start":{"line":63,"column":12},"end":{"line":63,"column":21}},"26":{"start":{"line":65,"column":7},"end":{"line":65,"column":33}},"27":{"start":{"line":81,"column":0},"end":{"line":102,"column":2}},"28":{"start":{"line":83,"column":16},"end":{"line":83,"column":23}},"29":{"start":{"line":84,"column":4},"end":{"line":100,"column":5}},"30":{"start":{"line":86,"column":8},"end":{"line":98,"column":25}},"31":{"start":{"line":88,"column":4},"end":{"line":88,"column":30}},"32":{"start":{"line":90,"column":7},"end":{"line":98,"column":25}},"33":{"start":{"line":92,"column":4},"end":{"line":92,"column":27}},"34":{"start":{"line":94,"column":7},"end":{"line":98,"column":25}},"35":{"start":{"line":96,"column":4},"end":{"line":96,"column":27}},"36":{"start":{"line":98,"column":7},"end":{"line":98,"column":25}},"37":{"start":{"line":99,"column":2},"end":{"line":99,"column":6}},"38":{"start":{"line":101,"column":4},"end":{"line":101,"column":21}},"39":{"start":{"line":113,"column":0},"end":{"line":132,"column":2}},"40":{"start":{"line":115,"column":21},"end":{"line":115,"column":37}},"41":{"start":{"line":116,"column":17},"end":{"line":116,"column":19}},"42":{"start":{"line":117,"column":4},"end":{"line":130,"column":6}},"43":{"start":{"line":119,"column":15},"end":{"line":119,"column":30}},"44":{"start":{"line":120,"column":8},"end":{"line":123,"column":9}},"45":{"start":{"line":122,"column":12},"end":{"line":122,"column":20}},"46":{"start":{"line":124,"column":8},"end":{"line":127,"column":9}},"47":{"start":{"line":126,"column":10},"end":{"line":126,"column":18}},"48":{"start":{"line":128,"column":10},"end":{"line":128,"column":48}},"49":{"start":{"line":131,"column":4},"end":{"line":131,"column":20}},"50":{"start":{"line":134,"column":0},"end":{"line":134,"column":22}}},"fnMap":{"0":{"name":"(anonymous_0)","decl":{"start":{"line":2,"column":17},"end":{"line":2,"column":18}},"loc":{"start":{"line":2,"column":24},"end":{"line":16,"column":1}},"line":2},"1":{"name":"(anonymous_1)","decl":{"start":{"line":26,"column":15},"end":{"line":26,"column":16}},"loc":{"start":{"line":26,"column":28},"end":{"line":37,"column":1}},"line":26},"2":{"name":"(anonymous_2)","decl":{"start":{"line":49,"column":16},"end":{"line":49,"column":17}},"loc":{"start":{"line":50,"column":0},"end":{"line":67,"column":1}},"line":50},"3":{"name":"(anonymous_3)","decl":{"start":{"line":81,"column":16},"end":{"line":81,"column":17}},"loc":{"start":{"line":82,"column":0},"end":{"line":102,"column":1}},"line":82},"4":{"name":"(anonymous_4)","decl":{"start":{"line":113,"column":14},"end":{"line":113,"column":15}},"loc":{"start":{"line":114,"column":0},"end":{"line":132,"column":1}},"line":114},"5":{"name":"(anonymous_5)","decl":{"start":{"line":117,"column":25},"end":{"line":117,"column":26}},"loc":{"start":{"line":118,"column":4},"end":{"line":129,"column":7}},"line":118}},"branchMap":{"0":{"loc":{"start":{"line":3,"column":4},"end":{"line":5,"column":5}},"type":"if","locations":[{"start":{"line":3,"column":4},"end":{"line":5,"column":5}},{"start":{"line":3,"column":4},"end":{"line":5,"column":5}}],"line":3},"1":{"loc":{"start":{"line":7,"column":4},"end":{"line":9,"column":5}},"type":"if","locations":[{"start":{"line":7,"column":4},"end":{"line":9,"column":5}},{"start":{"line":7,"column":4},"end":{"line":9,"column":5}}],"line":7},"2":{"loc":{"start":{"line":11,"column":4},"end":{"line":13,"column":5}},"type":"if","locations":[{"start":{"line":11,"column":4},"end":{"line":13,"column":5}},{"start":{"line":11,"column":4},"end":{"line":13,"column":5}}],"line":11},"3":{"loc":{"start":{"line":27,"column":4},"end":{"line":29,"column":5}},"type":"if","locations":[{"start":{"line":27,"column":4},"end":{"line":29,"column":5}},{"start":{"line":27,"column":4},"end":{"line":29,"column":5}}],"line":27},"4":{"loc":{"start":{"line":27,"column":8},"end":{"line":27,"column":26}},"type":"binary-expr","locations":[{"start":{"line":27,"column":8},"end":{"line":27,"column":15}},{"start":{"line":27,"column":19},"end":{"line":27,"column":26}}],"line":27},"5":{"loc":{"start":{"line":30,"column":4},"end":{"line":32,"column":5}},"type":"if","locations":[{"start":{"line":30,"column":4},"end":{"line":32,"column":5}},{"start":{"line":30,"column":4},"end":{"line":32,"column":5}}],"line":30},"6":{"loc":{"start":{"line":34,"column":8},"end":{"line":34,"column":38}},"type":"if","locations":[{"start":{"line":34,"column":8},"end":{"line":34,"column":38}},{"start":{"line":34,"column":8},"end":{"line":34,"column":38}}],"line":34},"7":{"loc":{"start":{"line":51,"column":4},"end":{"line":66,"column":5}},"type":"if","locations":[{"start":{"line":51,"column":4},"end":{"line":66,"column":5}},{"start":{"line":51,"column":4},"end":{"line":66,"column":5}}],"line":51},"8":{"loc":{"start":{"line":53,"column":8},"end":{"line":57,"column":36}},"type":"if","locations":[{"start":{"line":53,"column":8},"end":{"line":57,"column":36}},{"start":{"line":53,"column":8},"end":{"line":57,"column":36}}],"line":53},"9":{"loc":{"start":{"line":61,"column":8},"end":{"line":65,"column":33}},"type":"if","locations":[{"start":{"line":61,"column":8},"end":{"line":65,"column":33}},{"start":{"line":61,"column":8},"end":{"line":65,"column":33}}],"line":61},"10":{"loc":{"start":{"line":86,"column":8},"end":{"line":98,"column":25}},"type":"if","locations":[{"start":{"line":86,"column":8},"end":{"line":98,"column":25}},{"start":{"line":86,"column":8},"end":{"line":98,"column":25}}],"line":86},"11":{"loc":{"start":{"line":86,"column":11},"end":{"line":86,"column":35}},"type":"binary-expr","locations":[{"start":{"line":86,"column":11},"end":{"line":86,"column":21}},{"start":{"line":86,"column":25},"end":{"line":86,"column":35}}],"line":86},"12":{"loc":{"start":{"line":90,"column":7},"end":{"line":98,"column":25}},"type":"if","locations":[{"start":{"line":90,"column":7},"end":{"line":98,"column":25}},{"start":{"line":90,"column":7},"end":{"line":98,"column":25}}],"line":90},"13":{"loc":{"start":{"line":94,"column":7},"end":{"line":98,"column":25}},"type":"if","locations":[{"start":{"line":94,"column":7},"end":{"line":98,"column":25}},{"start":{"line":94,"column":7},"end":{"line":98,"column":25}}],"line":94},"14":{"loc":{"start":{"line":120,"column":8},"end":{"line":123,"column":9}},"type":"if","locations":[{"start":{"line":120,"column":8},"end":{"line":123,"column":9}},{"start":{"line":120,"column":8},"end":{"line":123,"column":9}}],"line":120},"15":{"loc":{"start":{"line":124,"column":8},"end":{"line":127,"column":9}},"type":"if","locations":[{"start":{"line":124,"column":8},"end":{"line":127,"column":9}},{"start":{"line":124,"column":8},"end":{"line":127,"column":9}}],"line":124}},"s":{"0":1,"1":1,"2":11,"3":3,"4":8,"5":1,"6":7,"7":1,"8":6,"9":1,"10":17,"11":4,"12":13,"13":1,"14":12,"15":12,"16":80,"17":4,"18":8,"19":1,"20":8,"21":4,"22":0,"23":4,"24":4,"25":2,"26":2,"27":1,"28":2,"29":2,"30":7,"31":0,"32":7,"33":1,"34":6,"35":1,"36":5,"37":7,"38":2,"39":1,"40":3,"41":3,"42":3,"43":6,"44":6,"45":1,"46":6,"47":0,"48":6,"49":3,"50":1},"f":{"0":11,"1":17,"2":8,"3":2,"4":3,"5":6},"b":{"0":[3,8],"1":[1,7],"2":[1,6],"3":[4,13],"4":[17,14],"5":[1,12],"6":[4,76],"7":[4,4],"8":[0,4],"9":[2,2],"10":[0,7],"11":[7,1],"12":[1,6],"13":[1,5],"14":[1,5],"15":[0,6]},"_coverageSchema":"43e27e138ebf9cfc5966b082cf9a028302ed4184","hash":"b8603efad331a1095b95ae53b4eb3dcf78bc06cc"}
}
