TN:
SF:C:\Users\redwa\OneDrive\Bureau\tp-jest-master\src\interval.js
FN:2,(anonymous_0)
FN:7,(anonymous_1)
FN:26,(anonymous_2)
FN:46,(anonymous_3)
FN:67,(anonymous_4)
FN:88,(anonymous_5)
FN:109,(anonymous_6)
FNF:7
FNH:4
FNDA:12,(anonymous_0)
FNDA:0,(anonymous_1)
FNDA:2,(anonymous_2)
FNDA:2,(anonymous_3)
FNDA:2,(anonymous_4)
FNDA:0,(anonymous_5)
FNDA:0,(anonymous_6)
DA:3,12
DA:4,12
DA:9,0
DA:27,2
DA:48,2
DA:69,2
DA:114,1
LF:7
LH:6
BRDA:27,0,0,2
BRDA:27,0,1,2
BRDA:48,1,0,2
BRDA:48,1,1,2
BRF:4
BRH:4
end_of_record
TN:
SF:C:\Users\redwa\OneDrive\Bureau\tp-jest-master\src\math.js
FN:2,(anonymous_0)
FN:26,(anonymous_1)
FN:49,(anonymous_2)
FN:81,(anonymous_3)
FN:113,(anonymous_4)
FN:117,(anonymous_5)
FNF:6
FNH:6
FNDA:11,(anonymous_0)
FNDA:17,(anonymous_1)
FNDA:8,(anonymous_2)
FNDA:2,(anonymous_3)
FNDA:3,(anonymous_4)
FNDA:6,(anonymous_5)
DA:1,1
DA:2,1
DA:3,11
DA:4,3
DA:7,8
DA:8,1
DA:11,7
DA:12,1
DA:15,6
DA:26,1
DA:27,17
DA:28,4
DA:30,13
DA:31,1
DA:33,12
DA:34,80
DA:35,8
DA:49,1
DA:51,8
DA:53,4
DA:55,0
DA:57,4
DA:61,4
DA:63,2
DA:65,2
DA:81,1
DA:83,2
DA:84,2
DA:86,7
DA:88,0
DA:90,7
DA:92,1
DA:94,6
DA:96,1
DA:98,5
DA:99,7
DA:101,2
DA:113,1
DA:115,3
DA:116,3
DA:117,3
DA:119,6
DA:120,6
DA:122,1
DA:124,6
DA:126,0
DA:128,6
DA:131,3
DA:134,1
LF:49
LH:46
BRDA:3,0,0,3
BRDA:3,0,1,8
BRDA:7,1,0,1
BRDA:7,1,1,7
BRDA:11,2,0,1
BRDA:11,2,1,6
BRDA:27,3,0,4
BRDA:27,3,1,13
BRDA:27,4,0,17
BRDA:27,4,1,14
BRDA:30,5,0,1
BRDA:30,5,1,12
BRDA:34,6,0,4
BRDA:34,6,1,76
BRDA:51,7,0,4
BRDA:51,7,1,4
BRDA:53,8,0,0
BRDA:53,8,1,4
BRDA:61,9,0,2
BRDA:61,9,1,2
BRDA:86,10,0,0
BRDA:86,10,1,7
BRDA:86,11,0,7
BRDA:86,11,1,1
BRDA:90,12,0,1
BRDA:90,12,1,6
BRDA:94,13,0,1
BRDA:94,13,1,5
BRDA:120,14,0,1
BRDA:120,14,1,5
BRDA:124,15,0,0
BRDA:124,15,1,6
BRF:32
BRH:29
end_of_record
